Building DAG of jobs...
Using shell: /usr/bin/bash
Provided cores: 60
Rules claiming more threads will be scaled down.
Job stats:
job      count    min threads    max threads
-----  -------  -------------  -------------
MR           2              1              1
all          1              1              1
total        3              1              1

Select jobs to execute...

[Thu Aug 29 07:08:16 2024]
rule MR:
    input: csMR-EXAMPLE/MR/clump/Susie_coloc.Inflammatory_bowel_disease.results.coverage.0.9.PPH4.0.8.Astrocytes.clumped
    output: csMR-EXAMPLE/MR/Inflammatory_bowel_disease-Myocardial_infarction_strict_R10_full_outcome/Inflammatory_bowel_disease.Myocardial_infarction_strict_R10_full_outcome.Astrocytes.MR.res, csMR-EXAMPLE/MR/Inflammatory_bowel_disease-Myocardial_infarction_strict_R10_full_outcome/Inflammatory_bowel_disease.Myocardial_infarction_strict_R10_full_outcome.Astrocytes.MR.sensitivity
    jobid: 1819
    reason: Missing output files: csMR-EXAMPLE/MR/Inflammatory_bowel_disease-Myocardial_infarction_strict_R10_full_outcome/Inflammatory_bowel_disease.Myocardial_infarction_strict_R10_full_outcome.Astrocytes.MR.sensitivity, csMR-EXAMPLE/MR/Inflammatory_bowel_disease-Myocardial_infarction_strict_R10_full_outcome/Inflammatory_bowel_disease.Myocardial_infarction_strict_R10_full_outcome.Astrocytes.MR.res
    wildcards: BASE_OUTPUT_DIR=csMR-EXAMPLE, run_prefix=Inflammatory_bowel_disease, outcome=Myocardial_infarction_strict_R10_full_outcome, cell_type=Astrocytes
    resources: tmpdir=/tmp


[Thu Aug 29 07:08:16 2024]
rule MR:
    input: csMR-EXAMPLE/MR/clump/Susie_coloc.Inflammatory_bowel_disease.results.coverage.0.9.PPH4.0.8.Microglia.clumped
    output: csMR-EXAMPLE/MR/Inflammatory_bowel_disease-Anorexia_Nervosa_full_outcome/Inflammatory_bowel_disease.Anorexia_Nervosa_full_outcome.Microglia.MR.res, csMR-EXAMPLE/MR/Inflammatory_bowel_disease-Anorexia_Nervosa_full_outcome/Inflammatory_bowel_disease.Anorexia_Nervosa_full_outcome.Microglia.MR.sensitivity
    jobid: 1612
    reason: Missing output files: csMR-EXAMPLE/MR/Inflammatory_bowel_disease-Anorexia_Nervosa_full_outcome/Inflammatory_bowel_disease.Anorexia_Nervosa_full_outcome.Microglia.MR.sensitivity, csMR-EXAMPLE/MR/Inflammatory_bowel_disease-Anorexia_Nervosa_full_outcome/Inflammatory_bowel_disease.Anorexia_Nervosa_full_outcome.Microglia.MR.res
    wildcards: BASE_OUTPUT_DIR=csMR-EXAMPLE, run_prefix=Inflammatory_bowel_disease, outcome=Anorexia_Nervosa_full_outcome, cell_type=Microglia
    resources: tmpdir=/tmp

[Thu Aug 29 07:08:33 2024]
Error in rule MR:
    jobid: 1612
    input: csMR-EXAMPLE/MR/clump/Susie_coloc.Inflammatory_bowel_disease.results.coverage.0.9.PPH4.0.8.Microglia.clumped
    output: csMR-EXAMPLE/MR/Inflammatory_bowel_disease-Anorexia_Nervosa_full_outcome/Inflammatory_bowel_disease.Anorexia_Nervosa_full_outcome.Microglia.MR.res, csMR-EXAMPLE/MR/Inflammatory_bowel_disease-Anorexia_Nervosa_full_outcome/Inflammatory_bowel_disease.Anorexia_Nervosa_full_outcome.Microglia.MR.sensitivity
    shell:
        Rscript scripts/csMR.r -e /home/u/csMR/example/BMI_GWAS/Inflammatory_bowel_disease.ma -o example/outcomes/Anorexia_Nervosa_full_outcome.ma -c csMR-EXAMPLE/MR/clump/Susie_coloc.Inflammatory_bowel_disease.results.coverage.0.9.PPH4.0.8.Microglia.clumped -r /home/u/csMR/data/reference_genome_1000G_EUR
        (one of the commands exited with non-zero exit code; note that snakemake uses bash strict mode!)

[Thu Aug 29 07:09:12 2024]
Finished job 1819.
1 of 3 steps (33%) done
Exiting because a job execution failed. Look above for error message
Complete log: .snakemake/log/2024-08-29T070811.683303.snakemake.log
