Building DAG of jobs...
Using shell: /usr/bin/bash
Provided cores: 60
Rules claiming more threads will be scaled down.
Job stats:
job      count    min threads    max threads
-----  -------  -------------  -------------
MR           6              1              1
all          1              1              1
total        7              1              1

Select jobs to execute...

[Thu Aug 29 07:06:35 2024]
rule MR:
    input: csMR-EXAMPLE/MR/clump/Susie_coloc.Inflammatory_bowel_disease.results.coverage.0.9.PPH4.0.8.Astrocytes.clumped
    output: csMR-EXAMPLE/MR/Inflammatory_bowel_disease-Myocardial_infarction_strict_R10_full_outcome/Inflammatory_bowel_disease.Myocardial_infarction_strict_R10_full_outcome.Astrocytes.MR.res, csMR-EXAMPLE/MR/Inflammatory_bowel_disease-Myocardial_infarction_strict_R10_full_outcome/Inflammatory_bowel_disease.Myocardial_infarction_strict_R10_full_outcome.Astrocytes.MR.sensitivity
    jobid: 1819
    reason: Missing output files: csMR-EXAMPLE/MR/Inflammatory_bowel_disease-Myocardial_infarction_strict_R10_full_outcome/Inflammatory_bowel_disease.Myocardial_infarction_strict_R10_full_outcome.Astrocytes.MR.res, csMR-EXAMPLE/MR/Inflammatory_bowel_disease-Myocardial_infarction_strict_R10_full_outcome/Inflammatory_bowel_disease.Myocardial_infarction_strict_R10_full_outcome.Astrocytes.MR.sensitivity
    wildcards: BASE_OUTPUT_DIR=csMR-EXAMPLE, run_prefix=Inflammatory_bowel_disease, outcome=Myocardial_infarction_strict_R10_full_outcome, cell_type=Astrocytes
    resources: tmpdir=/tmp


[Thu Aug 29 07:06:35 2024]
rule MR:
    input: csMR-EXAMPLE/MR/clump/Susie_coloc.Inflammatory_bowel_disease.results.coverage.0.9.PPH4.0.8.Microglia.clumped
    output: csMR-EXAMPLE/MR/Inflammatory_bowel_disease-Anorexia_Nervosa_full_outcome/Inflammatory_bowel_disease.Anorexia_Nervosa_full_outcome.Microglia.MR.res, csMR-EXAMPLE/MR/Inflammatory_bowel_disease-Anorexia_Nervosa_full_outcome/Inflammatory_bowel_disease.Anorexia_Nervosa_full_outcome.Microglia.MR.sensitivity
    jobid: 1612
    reason: Missing output files: csMR-EXAMPLE/MR/Inflammatory_bowel_disease-Anorexia_Nervosa_full_outcome/Inflammatory_bowel_disease.Anorexia_Nervosa_full_outcome.Microglia.MR.sensitivity, csMR-EXAMPLE/MR/Inflammatory_bowel_disease-Anorexia_Nervosa_full_outcome/Inflammatory_bowel_disease.Anorexia_Nervosa_full_outcome.Microglia.MR.res
    wildcards: BASE_OUTPUT_DIR=csMR-EXAMPLE, run_prefix=Inflammatory_bowel_disease, outcome=Anorexia_Nervosa_full_outcome, cell_type=Microglia
    resources: tmpdir=/tmp


[Thu Aug 29 07:06:35 2024]
rule MR:
    input: csMR-EXAMPLE/MR/clump/Susie_coloc.Inflammatory_bowel_disease.results.coverage.0.9.PPH4.0.8.Astrocytes.clumped
    output: csMR-EXAMPLE/MR/Inflammatory_bowel_disease-Cluster_headache_wide_R10_full_outcome/Inflammatory_bowel_disease.Cluster_headache_wide_R10_full_outcome.Astrocytes.MR.res, csMR-EXAMPLE/MR/Inflammatory_bowel_disease-Cluster_headache_wide_R10_full_outcome/Inflammatory_bowel_disease.Cluster_headache_wide_R10_full_outcome.Astrocytes.MR.sensitivity
    jobid: 1796
    reason: Missing output files: csMR-EXAMPLE/MR/Inflammatory_bowel_disease-Cluster_headache_wide_R10_full_outcome/Inflammatory_bowel_disease.Cluster_headache_wide_R10_full_outcome.Astrocytes.MR.sensitivity, csMR-EXAMPLE/MR/Inflammatory_bowel_disease-Cluster_headache_wide_R10_full_outcome/Inflammatory_bowel_disease.Cluster_headache_wide_R10_full_outcome.Astrocytes.MR.res
    wildcards: BASE_OUTPUT_DIR=csMR-EXAMPLE, run_prefix=Inflammatory_bowel_disease, outcome=Cluster_headache_wide_R10_full_outcome, cell_type=Astrocytes
    resources: tmpdir=/tmp


[Thu Aug 29 07:06:35 2024]
rule MR:
    input: csMR-EXAMPLE/MR/clump/Susie_coloc.Inflammatory_bowel_disease.results.coverage.0.9.PPH4.0.8.Inhibitory_neurons.clumped
    output: csMR-EXAMPLE/MR/Inflammatory_bowel_disease-Aortic_aneurysm_R10_full_outcome/Inflammatory_bowel_disease.Aortic_aneurysm_R10_full_outcome.Inhibitory_neurons.MR.res, csMR-EXAMPLE/MR/Inflammatory_bowel_disease-Aortic_aneurysm_R10_full_outcome/Inflammatory_bowel_disease.Aortic_aneurysm_R10_full_outcome.Inhibitory_neurons.MR.sensitivity
    jobid: 1671
    reason: Missing output files: csMR-EXAMPLE/MR/Inflammatory_bowel_disease-Aortic_aneurysm_R10_full_outcome/Inflammatory_bowel_disease.Aortic_aneurysm_R10_full_outcome.Inhibitory_neurons.MR.sensitivity, csMR-EXAMPLE/MR/Inflammatory_bowel_disease-Aortic_aneurysm_R10_full_outcome/Inflammatory_bowel_disease.Aortic_aneurysm_R10_full_outcome.Inhibitory_neurons.MR.res
    wildcards: BASE_OUTPUT_DIR=csMR-EXAMPLE, run_prefix=Inflammatory_bowel_disease, outcome=Aortic_aneurysm_R10_full_outcome, cell_type=Inhibitory_neurons
    resources: tmpdir=/tmp


[Thu Aug 29 07:06:35 2024]
rule MR:
    input: csMR-EXAMPLE/MR/clump/Susie_coloc.Smoking_status.results.coverage.0.9.PPH4.0.8.pb.clumped
    output: csMR-EXAMPLE/MR/Smoking_status-Cerebral_palsy_and_other_paralytic_syndromes_R10_full_outcome/Smoking_status.Cerebral_palsy_and_other_paralytic_syndromes_R10_full_outcome.pb.MR.res, csMR-EXAMPLE/MR/Smoking_status-Cerebral_palsy_and_other_paralytic_syndromes_R10_full_outcome/Smoking_status.Cerebral_palsy_and_other_paralytic_syndromes_R10_full_outcome.pb.MR.sensitivity
    jobid: 542
    reason: Missing output files: csMR-EXAMPLE/MR/Smoking_status-Cerebral_palsy_and_other_paralytic_syndromes_R10_full_outcome/Smoking_status.Cerebral_palsy_and_other_paralytic_syndromes_R10_full_outcome.pb.MR.res, csMR-EXAMPLE/MR/Smoking_status-Cerebral_palsy_and_other_paralytic_syndromes_R10_full_outcome/Smoking_status.Cerebral_palsy_and_other_paralytic_syndromes_R10_full_outcome.pb.MR.sensitivity
    wildcards: BASE_OUTPUT_DIR=csMR-EXAMPLE, run_prefix=Smoking_status, outcome=Cerebral_palsy_and_other_paralytic_syndromes_R10_full_outcome, cell_type=pb
    resources: tmpdir=/tmp


[Thu Aug 29 07:06:35 2024]
rule MR:
    input: csMR-EXAMPLE/MR/clump/Susie_coloc.Inflammatory_bowel_disease.results.coverage.0.9.PPH4.0.8.Astrocytes.clumped
    output: csMR-EXAMPLE/MR/Inflammatory_bowel_disease-Insomnia_R10_full_outcome/Inflammatory_bowel_disease.Insomnia_R10_full_outcome.Astrocytes.MR.res, csMR-EXAMPLE/MR/Inflammatory_bowel_disease-Insomnia_R10_full_outcome/Inflammatory_bowel_disease.Insomnia_R10_full_outcome.Astrocytes.MR.sensitivity
    jobid: 1811
    reason: Missing output files: csMR-EXAMPLE/MR/Inflammatory_bowel_disease-Insomnia_R10_full_outcome/Inflammatory_bowel_disease.Insomnia_R10_full_outcome.Astrocytes.MR.sensitivity, csMR-EXAMPLE/MR/Inflammatory_bowel_disease-Insomnia_R10_full_outcome/Inflammatory_bowel_disease.Insomnia_R10_full_outcome.Astrocytes.MR.res
    wildcards: BASE_OUTPUT_DIR=csMR-EXAMPLE, run_prefix=Inflammatory_bowel_disease, outcome=Insomnia_R10_full_outcome, cell_type=Astrocytes
    resources: tmpdir=/tmp

[Thu Aug 29 07:06:53 2024]
Error in rule MR:
    jobid: 1612
    input: csMR-EXAMPLE/MR/clump/Susie_coloc.Inflammatory_bowel_disease.results.coverage.0.9.PPH4.0.8.Microglia.clumped
    output: csMR-EXAMPLE/MR/Inflammatory_bowel_disease-Anorexia_Nervosa_full_outcome/Inflammatory_bowel_disease.Anorexia_Nervosa_full_outcome.Microglia.MR.res, csMR-EXAMPLE/MR/Inflammatory_bowel_disease-Anorexia_Nervosa_full_outcome/Inflammatory_bowel_disease.Anorexia_Nervosa_full_outcome.Microglia.MR.sensitivity
    shell:
        Rscript scripts/csMR.r -e /home/u/csMR/example/BMI_GWAS/Inflammatory_bowel_disease.ma -o example/outcomes/Anorexia_Nervosa_full_outcome.ma -c csMR-EXAMPLE/MR/clump/Susie_coloc.Inflammatory_bowel_disease.results.coverage.0.9.PPH4.0.8.Microglia.clumped -r /home/u/csMR/data/reference_genome_1000G_EUR
        (one of the commands exited with non-zero exit code; note that snakemake uses bash strict mode!)

[Thu Aug 29 07:07:28 2024]
Error in rule MR:
    jobid: 1819
    input: csMR-EXAMPLE/MR/clump/Susie_coloc.Inflammatory_bowel_disease.results.coverage.0.9.PPH4.0.8.Astrocytes.clumped
    output: csMR-EXAMPLE/MR/Inflammatory_bowel_disease-Myocardial_infarction_strict_R10_full_outcome/Inflammatory_bowel_disease.Myocardial_infarction_strict_R10_full_outcome.Astrocytes.MR.res, csMR-EXAMPLE/MR/Inflammatory_bowel_disease-Myocardial_infarction_strict_R10_full_outcome/Inflammatory_bowel_disease.Myocardial_infarction_strict_R10_full_outcome.Astrocytes.MR.sensitivity
    shell:
        Rscript scripts/csMR.r -e /home/u/csMR/example/BMI_GWAS/Inflammatory_bowel_disease.ma -o example/outcomes/Myocardial_infarction_strict_R10_full_outcome.ma -c csMR-EXAMPLE/MR/clump/Susie_coloc.Inflammatory_bowel_disease.results.coverage.0.9.PPH4.0.8.Astrocytes.clumped -r /home/u/csMR/data/reference_genome_1000G_EUR
        (one of the commands exited with non-zero exit code; note that snakemake uses bash strict mode!)

[Thu Aug 29 07:07:32 2024]
Finished job 1671.
1 of 7 steps (14%) done
[Thu Aug 29 07:07:38 2024]
Finished job 1796.
2 of 7 steps (29%) done
[Thu Aug 29 07:07:41 2024]
Finished job 1811.
3 of 7 steps (43%) done
[Thu Aug 29 07:08:01 2024]
Finished job 542.
4 of 7 steps (57%) done
Exiting because a job execution failed. Look above for error message
Complete log: .snakemake/log/2024-08-29T070618.305010.snakemake.log
