Building DAG of jobs...
Using shell: /usr/bin/bash
Provided cores: 60
Rules claiming more threads will be scaled down.
Job stats:
job      count    min threads    max threads
-----  -------  -------------  -------------
MR           1              1              1
all          1              1              1
total        2              1              1

Select jobs to execute...

[Sat Aug 31 01:35:12 2024]
rule MR:
    input: csMR-EXAMPLE/MR/clump/Susie_coloc.Inflammatory_bowel_disease.results.coverage.0.9.PPH4.0.8.Astrocytes.clumped
    output: csMR-EXAMPLE/MR/Inflammatory_bowel_disease-Depression_R10_full_outcome/Inflammatory_bowel_disease.Depression_R10_full_outcome.Astrocytes.MR.res, csMR-EXAMPLE/MR/Inflammatory_bowel_disease-Depression_R10_full_outcome/Inflammatory_bowel_disease.Depression_R10_full_outcome.Astrocytes.MR.sensitivity
    jobid: 198
    reason: Missing output files: csMR-EXAMPLE/MR/Inflammatory_bowel_disease-Depression_R10_full_outcome/Inflammatory_bowel_disease.Depression_R10_full_outcome.Astrocytes.MR.res, csMR-EXAMPLE/MR/Inflammatory_bowel_disease-Depression_R10_full_outcome/Inflammatory_bowel_disease.Depression_R10_full_outcome.Astrocytes.MR.sensitivity
    wildcards: BASE_OUTPUT_DIR=csMR-EXAMPLE, run_prefix=Inflammatory_bowel_disease, outcome=Depression_R10_full_outcome, cell_type=Astrocytes
    resources: tmpdir=/tmp

[Sat Aug 31 01:36:00 2024]
Error in rule MR:
    jobid: 198
    input: csMR-EXAMPLE/MR/clump/Susie_coloc.Inflammatory_bowel_disease.results.coverage.0.9.PPH4.0.8.Astrocytes.clumped
    output: csMR-EXAMPLE/MR/Inflammatory_bowel_disease-Depression_R10_full_outcome/Inflammatory_bowel_disease.Depression_R10_full_outcome.Astrocytes.MR.res, csMR-EXAMPLE/MR/Inflammatory_bowel_disease-Depression_R10_full_outcome/Inflammatory_bowel_disease.Depression_R10_full_outcome.Astrocytes.MR.sensitivity
    shell:
        Rscript scripts/csMR.r -e /home/u/csMR/example/BMI_GWAS/Inflammatory_bowel_disease.ma -o example/outcomes/Depression_R10_full_outcome.ma -c csMR-EXAMPLE/MR/clump/Susie_coloc.Inflammatory_bowel_disease.results.coverage.0.9.PPH4.0.8.Astrocytes.clumped -r /home/u/csMR/data/reference_genome_1000G_EUR
        (one of the commands exited with non-zero exit code; note that snakemake uses bash strict mode!)

Exiting because a job execution failed. Look above for error message
Complete log: .snakemake/log/2024-08-31T013512.276166.snakemake.log
