Building DAG of jobs...
Using shell: /usr/bin/bash
Provided cores: 60
Rules claiming more threads will be scaled down.
Job stats:
job      count    min threads    max threads
-----  -------  -------------  -------------
MR           9              1              1
all          1              1              1
total       10              1              1

Select jobs to execute...

[Fri Aug 30 07:22:35 2024]
rule MR:
    input: csMR-EXAMPLE/MR/clump/Susie_coloc.Ulcerative_colitis_full_exposure_ieu_a_970.results.coverage.0.9.PPH4.0.8.pb.clumped
    output: csMR-EXAMPLE/MR/Ulcerative_colitis_full_exposure_ieu_a_970-Schizophrenia_full_outcome/Ulcerative_colitis_full_exposure_ieu_a_970.Schizophrenia_full_outcome.pb.MR.res, csMR-EXAMPLE/MR/Ulcerative_colitis_full_exposure_ieu_a_970-Schizophrenia_full_outcome/Ulcerative_colitis_full_exposure_ieu_a_970.Schizophrenia_full_outcome.pb.MR.sensitivity
    jobid: 495
    reason: Missing output files: csMR-EXAMPLE/MR/Ulcerative_colitis_full_exposure_ieu_a_970-Schizophrenia_full_outcome/Ulcerative_colitis_full_exposure_ieu_a_970.Schizophrenia_full_outcome.pb.MR.sensitivity, csMR-EXAMPLE/MR/Ulcerative_colitis_full_exposure_ieu_a_970-Schizophrenia_full_outcome/Ulcerative_colitis_full_exposure_ieu_a_970.Schizophrenia_full_outcome.pb.MR.res
    wildcards: BASE_OUTPUT_DIR=csMR-EXAMPLE, run_prefix=Ulcerative_colitis_full_exposure_ieu_a_970, outcome=Schizophrenia_full_outcome, cell_type=pb
    resources: tmpdir=/tmp


[Fri Aug 30 07:22:35 2024]
rule MR:
    input: csMR-EXAMPLE/MR/clump/Susie_coloc.Inflammatory_bowel_disease.results.coverage.0.9.PPH4.0.8.Astrocytes.clumped
    output: csMR-EXAMPLE/MR/Inflammatory_bowel_disease-Insomnia_R10_full_outcome/Inflammatory_bowel_disease.Insomnia_R10_full_outcome.Astrocytes.MR.res, csMR-EXAMPLE/MR/Inflammatory_bowel_disease-Insomnia_R10_full_outcome/Inflammatory_bowel_disease.Insomnia_R10_full_outcome.Astrocytes.MR.sensitivity
    jobid: 1277
    reason: Missing output files: csMR-EXAMPLE/MR/Inflammatory_bowel_disease-Insomnia_R10_full_outcome/Inflammatory_bowel_disease.Insomnia_R10_full_outcome.Astrocytes.MR.sensitivity, csMR-EXAMPLE/MR/Inflammatory_bowel_disease-Insomnia_R10_full_outcome/Inflammatory_bowel_disease.Insomnia_R10_full_outcome.Astrocytes.MR.res
    wildcards: BASE_OUTPUT_DIR=csMR-EXAMPLE, run_prefix=Inflammatory_bowel_disease, outcome=Insomnia_R10_full_outcome, cell_type=Astrocytes
    resources: tmpdir=/tmp


[Fri Aug 30 07:22:35 2024]
rule MR:
    input: csMR-EXAMPLE/MR/clump/Susie_coloc.Inflammatory_bowel_disease.results.coverage.0.9.PPH4.0.8.Microglia.clumped
    output: csMR-EXAMPLE/MR/Inflammatory_bowel_disease-Major_depression_full_outcome/Inflammatory_bowel_disease.Major_depression_full_outcome.Microglia.MR.res, csMR-EXAMPLE/MR/Inflammatory_bowel_disease-Major_depression_full_outcome/Inflammatory_bowel_disease.Major_depression_full_outcome.Microglia.MR.sensitivity
    jobid: 1069
    reason: Missing output files: csMR-EXAMPLE/MR/Inflammatory_bowel_disease-Major_depression_full_outcome/Inflammatory_bowel_disease.Major_depression_full_outcome.Microglia.MR.res, csMR-EXAMPLE/MR/Inflammatory_bowel_disease-Major_depression_full_outcome/Inflammatory_bowel_disease.Major_depression_full_outcome.Microglia.MR.sensitivity
    wildcards: BASE_OUTPUT_DIR=csMR-EXAMPLE, run_prefix=Inflammatory_bowel_disease, outcome=Major_depression_full_outcome, cell_type=Microglia
    resources: tmpdir=/tmp


[Fri Aug 30 07:22:35 2024]
rule MR:
    input: csMR-EXAMPLE/MR/clump/Susie_coloc.Inflammatory_bowel_disease.results.coverage.0.9.PPH4.0.8.Astrocytes.clumped
    output: csMR-EXAMPLE/MR/Inflammatory_bowel_disease-Alcohol_dependence_R10_full_outcome/Inflammatory_bowel_disease.Alcohol_dependence_R10_full_outcome.Astrocytes.MR.res, csMR-EXAMPLE/MR/Inflammatory_bowel_disease-Alcohol_dependence_R10_full_outcome/Inflammatory_bowel_disease.Alcohol_dependence_R10_full_outcome.Astrocytes.MR.sensitivity
    jobid: 1283
    reason: Missing output files: csMR-EXAMPLE/MR/Inflammatory_bowel_disease-Alcohol_dependence_R10_full_outcome/Inflammatory_bowel_disease.Alcohol_dependence_R10_full_outcome.Astrocytes.MR.sensitivity, csMR-EXAMPLE/MR/Inflammatory_bowel_disease-Alcohol_dependence_R10_full_outcome/Inflammatory_bowel_disease.Alcohol_dependence_R10_full_outcome.Astrocytes.MR.res
    wildcards: BASE_OUTPUT_DIR=csMR-EXAMPLE, run_prefix=Inflammatory_bowel_disease, outcome=Alcohol_dependence_R10_full_outcome, cell_type=Astrocytes
    resources: tmpdir=/tmp


[Fri Aug 30 07:22:35 2024]
rule MR:
    input: csMR-EXAMPLE/MR/clump/Susie_coloc.Ulcerative_colitis_full_exposure_ieu_a_970.results.coverage.0.9.PPH4.0.8.Excitatory_neurons.clumped
    output: csMR-EXAMPLE/MR/Ulcerative_colitis_full_exposure_ieu_a_970-AD_ieu_b_2_full_outcome/Ulcerative_colitis_full_exposure_ieu_a_970.AD_ieu_b_2_full_outcome.Excitatory_neurons.MR.res, csMR-EXAMPLE/MR/Ulcerative_colitis_full_exposure_ieu_a_970-AD_ieu_b_2_full_outcome/Ulcerative_colitis_full_exposure_ieu_a_970.AD_ieu_b_2_full_outcome.Excitatory_neurons.MR.sensitivity
    jobid: 391
    reason: Missing output files: csMR-EXAMPLE/MR/Ulcerative_colitis_full_exposure_ieu_a_970-AD_ieu_b_2_full_outcome/Ulcerative_colitis_full_exposure_ieu_a_970.AD_ieu_b_2_full_outcome.Excitatory_neurons.MR.res, csMR-EXAMPLE/MR/Ulcerative_colitis_full_exposure_ieu_a_970-AD_ieu_b_2_full_outcome/Ulcerative_colitis_full_exposure_ieu_a_970.AD_ieu_b_2_full_outcome.Excitatory_neurons.MR.sensitivity
    wildcards: BASE_OUTPUT_DIR=csMR-EXAMPLE, run_prefix=Ulcerative_colitis_full_exposure_ieu_a_970, outcome=AD_ieu_b_2_full_outcome, cell_type=Excitatory_neurons
    resources: tmpdir=/tmp


[Fri Aug 30 07:22:35 2024]
rule MR:
    input: csMR-EXAMPLE/MR/clump/Susie_coloc.mtag_Ulcerative_colitis_full_exposure.results.coverage.0.9.PPH4.0.8.Excitatory_neurons.clumped
    output: csMR-EXAMPLE/MR/mtag_Ulcerative_colitis_full_exposure-GCST90406924_38_MSA_full_outcome/mtag_Ulcerative_colitis_full_exposure.GCST90406924_38_MSA_full_outcome.Excitatory_neurons.MR.res, csMR-EXAMPLE/MR/mtag_Ulcerative_colitis_full_exposure-GCST90406924_38_MSA_full_outcome/mtag_Ulcerative_colitis_full_exposure.GCST90406924_38_MSA_full_outcome.Excitatory_neurons.MR.sensitivity
    jobid: 2869
    reason: Missing output files: csMR-EXAMPLE/MR/mtag_Ulcerative_colitis_full_exposure-GCST90406924_38_MSA_full_outcome/mtag_Ulcerative_colitis_full_exposure.GCST90406924_38_MSA_full_outcome.Excitatory_neurons.MR.sensitivity, csMR-EXAMPLE/MR/mtag_Ulcerative_colitis_full_exposure-GCST90406924_38_MSA_full_outcome/mtag_Ulcerative_colitis_full_exposure.GCST90406924_38_MSA_full_outcome.Excitatory_neurons.MR.res
    wildcards: BASE_OUTPUT_DIR=csMR-EXAMPLE, run_prefix=mtag_Ulcerative_colitis_full_exposure, outcome=GCST90406924_38_MSA_full_outcome, cell_type=Excitatory_neurons
    resources: tmpdir=/tmp


[Fri Aug 30 07:22:35 2024]
rule MR:
    input: csMR-EXAMPLE/MR/clump/Susie_coloc.Ulcerative_colitis_full_exposure_ieu_a_970.results.coverage.0.9.PPH4.0.8.Excitatory_neurons.clumped
    output: csMR-EXAMPLE/MR/Ulcerative_colitis_full_exposure_ieu_a_970-Post_traumatic_stress_disorder_R10_full_outcome/Ulcerative_colitis_full_exposure_ieu_a_970.Post_traumatic_stress_disorder_R10_full_outcome.Excitatory_neurons.MR.res, csMR-EXAMPLE/MR/Ulcerative_colitis_full_exposure_ieu_a_970-Post_traumatic_stress_disorder_R10_full_outcome/Ulcerative_colitis_full_exposure_ieu_a_970.Post_traumatic_stress_disorder_R10_full_outcome.Excitatory_neurons.MR.sensitivity
    jobid: 388
    reason: Missing output files: csMR-EXAMPLE/MR/Ulcerative_colitis_full_exposure_ieu_a_970-Post_traumatic_stress_disorder_R10_full_outcome/Ulcerative_colitis_full_exposure_ieu_a_970.Post_traumatic_stress_disorder_R10_full_outcome.Excitatory_neurons.MR.res, csMR-EXAMPLE/MR/Ulcerative_colitis_full_exposure_ieu_a_970-Post_traumatic_stress_disorder_R10_full_outcome/Ulcerative_colitis_full_exposure_ieu_a_970.Post_traumatic_stress_disorder_R10_full_outcome.Excitatory_neurons.MR.sensitivity
    wildcards: BASE_OUTPUT_DIR=csMR-EXAMPLE, run_prefix=Ulcerative_colitis_full_exposure_ieu_a_970, outcome=Post_traumatic_stress_disorder_R10_full_outcome, cell_type=Excitatory_neurons
    resources: tmpdir=/tmp


[Fri Aug 30 07:22:35 2024]
rule MR:
    input: csMR-EXAMPLE/MR/clump/Susie_coloc.Ulcerative_colitis_full_exposure_ieu_a_970.results.coverage.0.9.PPH4.0.8.Excitatory_neurons.clumped
    output: csMR-EXAMPLE/MR/Ulcerative_colitis_full_exposure_ieu_a_970-Suicide_or_other_Intentional_self-harm_R10_full_outcome/Ulcerative_colitis_full_exposure_ieu_a_970.Suicide_or_other_Intentional_self-harm_R10_full_outcome.Excitatory_neurons.MR.res, csMR-EXAMPLE/MR/Ulcerative_colitis_full_exposure_ieu_a_970-Suicide_or_other_Intentional_self-harm_R10_full_outcome/Ulcerative_colitis_full_exposure_ieu_a_970.Suicide_or_other_Intentional_self-harm_R10_full_outcome.Excitatory_neurons.MR.sensitivity
    jobid: 404
    reason: Missing output files: csMR-EXAMPLE/MR/Ulcerative_colitis_full_exposure_ieu_a_970-Suicide_or_other_Intentional_self-harm_R10_full_outcome/Ulcerative_colitis_full_exposure_ieu_a_970.Suicide_or_other_Intentional_self-harm_R10_full_outcome.Excitatory_neurons.MR.res, csMR-EXAMPLE/MR/Ulcerative_colitis_full_exposure_ieu_a_970-Suicide_or_other_Intentional_self-harm_R10_full_outcome/Ulcerative_colitis_full_exposure_ieu_a_970.Suicide_or_other_Intentional_self-harm_R10_full_outcome.Excitatory_neurons.MR.sensitivity
    wildcards: BASE_OUTPUT_DIR=csMR-EXAMPLE, run_prefix=Ulcerative_colitis_full_exposure_ieu_a_970, outcome=Suicide_or_other_Intentional_self-harm_R10_full_outcome, cell_type=Excitatory_neurons
    resources: tmpdir=/tmp


[Fri Aug 30 07:22:35 2024]
rule MR:
    input: csMR-EXAMPLE/MR/clump/Susie_coloc.Inflammatory_bowel_disease.results.coverage.0.9.PPH4.0.8.Astrocytes.clumped
    output: csMR-EXAMPLE/MR/Inflammatory_bowel_disease-Sleep_disorders_combined_R10_full_outcome/Inflammatory_bowel_disease.Sleep_disorders_combined_R10_full_outcome.Astrocytes.MR.res, csMR-EXAMPLE/MR/Inflammatory_bowel_disease-Sleep_disorders_combined_R10_full_outcome/Inflammatory_bowel_disease.Sleep_disorders_combined_R10_full_outcome.Astrocytes.MR.sensitivity
    jobid: 1256
    reason: Missing output files: csMR-EXAMPLE/MR/Inflammatory_bowel_disease-Sleep_disorders_combined_R10_full_outcome/Inflammatory_bowel_disease.Sleep_disorders_combined_R10_full_outcome.Astrocytes.MR.res, csMR-EXAMPLE/MR/Inflammatory_bowel_disease-Sleep_disorders_combined_R10_full_outcome/Inflammatory_bowel_disease.Sleep_disorders_combined_R10_full_outcome.Astrocytes.MR.sensitivity
    wildcards: BASE_OUTPUT_DIR=csMR-EXAMPLE, run_prefix=Inflammatory_bowel_disease, outcome=Sleep_disorders_combined_R10_full_outcome, cell_type=Astrocytes
    resources: tmpdir=/tmp

[Fri Aug 30 07:22:56 2024]
Finished job 1069.
1 of 10 steps (10%) done
[Fri Aug 30 07:22:59 2024]
Finished job 391.
2 of 10 steps (20%) done
[Fri Aug 30 07:22:59 2024]
Finished job 495.
3 of 10 steps (30%) done
[Fri Aug 30 07:23:13 2024]
Error in rule MR:
    jobid: 2869
    input: csMR-EXAMPLE/MR/clump/Susie_coloc.mtag_Ulcerative_colitis_full_exposure.results.coverage.0.9.PPH4.0.8.Excitatory_neurons.clumped
    output: csMR-EXAMPLE/MR/mtag_Ulcerative_colitis_full_exposure-GCST90406924_38_MSA_full_outcome/mtag_Ulcerative_colitis_full_exposure.GCST90406924_38_MSA_full_outcome.Excitatory_neurons.MR.res, csMR-EXAMPLE/MR/mtag_Ulcerative_colitis_full_exposure-GCST90406924_38_MSA_full_outcome/mtag_Ulcerative_colitis_full_exposure.GCST90406924_38_MSA_full_outcome.Excitatory_neurons.MR.sensitivity
    shell:
        Rscript scripts/csMR.r -e /home/u/csMR/example/BMI_GWAS/mtag_Ulcerative_colitis_full_exposure.ma -o example/outcomes/GCST90406924_38_MSA_full_outcome.ma -c csMR-EXAMPLE/MR/clump/Susie_coloc.mtag_Ulcerative_colitis_full_exposure.results.coverage.0.9.PPH4.0.8.Excitatory_neurons.clumped -r /home/u/csMR/data/reference_genome_1000G_EUR
        (one of the commands exited with non-zero exit code; note that snakemake uses bash strict mode!)

[Fri Aug 30 07:23:24 2024]
Error in rule MR:
    jobid: 404
    input: csMR-EXAMPLE/MR/clump/Susie_coloc.Ulcerative_colitis_full_exposure_ieu_a_970.results.coverage.0.9.PPH4.0.8.Excitatory_neurons.clumped
    output: csMR-EXAMPLE/MR/Ulcerative_colitis_full_exposure_ieu_a_970-Suicide_or_other_Intentional_self-harm_R10_full_outcome/Ulcerative_colitis_full_exposure_ieu_a_970.Suicide_or_other_Intentional_self-harm_R10_full_outcome.Excitatory_neurons.MR.res, csMR-EXAMPLE/MR/Ulcerative_colitis_full_exposure_ieu_a_970-Suicide_or_other_Intentional_self-harm_R10_full_outcome/Ulcerative_colitis_full_exposure_ieu_a_970.Suicide_or_other_Intentional_self-harm_R10_full_outcome.Excitatory_neurons.MR.sensitivity
    shell:
        Rscript scripts/csMR.r -e /home/u/csMR/example/BMI_GWAS/Ulcerative_colitis_full_exposure_ieu_a_970.ma -o example/outcomes/Suicide_or_other_Intentional_self-harm_R10_full_outcome.ma -c csMR-EXAMPLE/MR/clump/Susie_coloc.Ulcerative_colitis_full_exposure_ieu_a_970.results.coverage.0.9.PPH4.0.8.Excitatory_neurons.clumped -r /home/u/csMR/data/reference_genome_1000G_EUR
        (one of the commands exited with non-zero exit code; note that snakemake uses bash strict mode!)

[Fri Aug 30 07:23:30 2024]
Finished job 1277.
4 of 10 steps (40%) done
[Fri Aug 30 07:23:30 2024]
Finished job 1256.
5 of 10 steps (50%) done
[Fri Aug 30 07:23:30 2024]
Finished job 1283.
6 of 10 steps (60%) done
[Fri Aug 30 07:23:34 2024]
Finished job 388.
7 of 10 steps (70%) done
Exiting because a job execution failed. Look above for error message
Complete log: .snakemake/log/2024-08-30T072230.795229.snakemake.log
