Building DAG of jobs...
Using shell: /usr/bin/bash
Provided cores: 60
Rules claiming more threads will be scaled down.
Job stats:
job      count    min threads    max threads
-----  -------  -------------  -------------
MR          26              1              1
all          1              1              1
total       27              1              1

Select jobs to execute...

[Mon Sep  9 15:15:06 2024]
rule MR:
    input: csMR-EXAMPLE/MR/clump/Susie_coloc.Ulcerative_colitis_ebi_a_GCST003045_full_exposure.results.coverage.0.9.PPH4.0.8.Excitatory_neurons.clumped
    output: csMR-EXAMPLE/MR/Ulcerative_colitis_ebi_a_GCST003045_full_exposure-aparc-Desikan_lh_volume_paracentral_full_outcome/Ulcerative_colitis_ebi_a_GCST003045_full_exposure.aparc-Desikan_lh_volume_paracentral_full_outcome.Excitatory_neurons.MR.res, csMR-EXAMPLE/MR/Ulcerative_colitis_ebi_a_GCST003045_full_exposure-aparc-Desikan_lh_volume_paracentral_full_outcome/Ulcerative_colitis_ebi_a_GCST003045_full_exposure.aparc-Desikan_lh_volume_paracentral_full_outcome.Excitatory_neurons.MR.sensitivity
    jobid: 8701
    reason: Missing output files: csMR-EXAMPLE/MR/Ulcerative_colitis_ebi_a_GCST003045_full_exposure-aparc-Desikan_lh_volume_paracentral_full_outcome/Ulcerative_colitis_ebi_a_GCST003045_full_exposure.aparc-Desikan_lh_volume_paracentral_full_outcome.Excitatory_neurons.MR.res, csMR-EXAMPLE/MR/Ulcerative_colitis_ebi_a_GCST003045_full_exposure-aparc-Desikan_lh_volume_paracentral_full_outcome/Ulcerative_colitis_ebi_a_GCST003045_full_exposure.aparc-Desikan_lh_volume_paracentral_full_outcome.Excitatory_neurons.MR.sensitivity
    wildcards: BASE_OUTPUT_DIR=csMR-EXAMPLE, run_prefix=Ulcerative_colitis_ebi_a_GCST003045_full_exposure, outcome=aparc-Desikan_lh_volume_paracentral_full_outcome, cell_type=Excitatory_neurons
    resources: tmpdir=/tmp


[Mon Sep  9 15:15:06 2024]
rule MR:
    input: csMR-EXAMPLE/MR/clump/Susie_coloc.Inflammatory_bowel_disease_ebi_a_GCST003043_full_exposure.results.coverage.0.9.PPH4.0.8.Inhibitory_neurons.clumped
    output: csMR-EXAMPLE/MR/Inflammatory_bowel_disease_ebi_a_GCST003043_full_exposure-Brainstem_global_volume_Medulla_full_outcome/Inflammatory_bowel_disease_ebi_a_GCST003043_full_exposure.Brainstem_global_volume_Medulla_full_outcome.Inhibitory_neurons.MR.res, csMR-EXAMPLE/MR/Inflammatory_bowel_disease_ebi_a_GCST003043_full_exposure-Brainstem_global_volume_Medulla_full_outcome/Inflammatory_bowel_disease_ebi_a_GCST003043_full_exposure.Brainstem_global_volume_Medulla_full_outcome.Inhibitory_neurons.MR.sensitivity
    jobid: 1628
    reason: Missing output files: csMR-EXAMPLE/MR/Inflammatory_bowel_disease_ebi_a_GCST003043_full_exposure-Brainstem_global_volume_Medulla_full_outcome/Inflammatory_bowel_disease_ebi_a_GCST003043_full_exposure.Brainstem_global_volume_Medulla_full_outcome.Inhibitory_neurons.MR.sensitivity, csMR-EXAMPLE/MR/Inflammatory_bowel_disease_ebi_a_GCST003043_full_exposure-Brainstem_global_volume_Medulla_full_outcome/Inflammatory_bowel_disease_ebi_a_GCST003043_full_exposure.Brainstem_global_volume_Medulla_full_outcome.Inhibitory_neurons.MR.res
    wildcards: BASE_OUTPUT_DIR=csMR-EXAMPLE, run_prefix=Inflammatory_bowel_disease_ebi_a_GCST003043_full_exposure, outcome=Brainstem_global_volume_Medulla_full_outcome, cell_type=Inhibitory_neurons
    resources: tmpdir=/tmp


[Mon Sep  9 15:15:06 2024]
rule MR:
    input: csMR-EXAMPLE/MR/clump/Susie_coloc.Inflammatory_bowel_disease_ebi_a_GCST003043_full_exposure.results.coverage.0.9.PPH4.0.8.Inhibitory_neurons.clumped
    output: csMR-EXAMPLE/MR/Inflammatory_bowel_disease_ebi_a_GCST003043_full_exposure-IDP_dMRI_TBSS_FA_Uncinate_fasciculus_L_full_outcome/Inflammatory_bowel_disease_ebi_a_GCST003043_full_exposure.IDP_dMRI_TBSS_FA_Uncinate_fasciculus_L_full_outcome.Inhibitory_neurons.MR.res, csMR-EXAMPLE/MR/Inflammatory_bowel_disease_ebi_a_GCST003043_full_exposure-IDP_dMRI_TBSS_FA_Uncinate_fasciculus_L_full_outcome/Inflammatory_bowel_disease_ebi_a_GCST003043_full_exposure.IDP_dMRI_TBSS_FA_Uncinate_fasciculus_L_full_outcome.Inhibitory_neurons.MR.sensitivity
    jobid: 1746
    reason: Missing output files: csMR-EXAMPLE/MR/Inflammatory_bowel_disease_ebi_a_GCST003043_full_exposure-IDP_dMRI_TBSS_FA_Uncinate_fasciculus_L_full_outcome/Inflammatory_bowel_disease_ebi_a_GCST003043_full_exposure.IDP_dMRI_TBSS_FA_Uncinate_fasciculus_L_full_outcome.Inhibitory_neurons.MR.sensitivity, csMR-EXAMPLE/MR/Inflammatory_bowel_disease_ebi_a_GCST003043_full_exposure-IDP_dMRI_TBSS_FA_Uncinate_fasciculus_L_full_outcome/Inflammatory_bowel_disease_ebi_a_GCST003043_full_exposure.IDP_dMRI_TBSS_FA_Uncinate_fasciculus_L_full_outcome.Inhibitory_neurons.MR.res
    wildcards: BASE_OUTPUT_DIR=csMR-EXAMPLE, run_prefix=Inflammatory_bowel_disease_ebi_a_GCST003043_full_exposure, outcome=IDP_dMRI_TBSS_FA_Uncinate_fasciculus_L_full_outcome, cell_type=Inhibitory_neurons
    resources: tmpdir=/tmp


[Mon Sep  9 15:15:06 2024]
rule MR:
    input: csMR-EXAMPLE/MR/clump/Susie_coloc.Ulcerative_colitis_ebi_a_GCST003045_full_exposure.results.coverage.0.9.PPH4.0.8.Excitatory_neurons.clumped
    output: csMR-EXAMPLE/MR/Ulcerative_colitis_ebi_a_GCST003045_full_exposure-aparc-Desikan_rh_area_transversetemporal_full_outcome/Ulcerative_colitis_ebi_a_GCST003045_full_exposure.aparc-Desikan_rh_area_transversetemporal_full_outcome.Excitatory_neurons.MR.res, csMR-EXAMPLE/MR/Ulcerative_colitis_ebi_a_GCST003045_full_exposure-aparc-Desikan_rh_area_transversetemporal_full_outcome/Ulcerative_colitis_ebi_a_GCST003045_full_exposure.aparc-Desikan_rh_area_transversetemporal_full_outcome.Excitatory_neurons.MR.sensitivity
    jobid: 8981
    reason: Missing output files: csMR-EXAMPLE/MR/Ulcerative_colitis_ebi_a_GCST003045_full_exposure-aparc-Desikan_rh_area_transversetemporal_full_outcome/Ulcerative_colitis_ebi_a_GCST003045_full_exposure.aparc-Desikan_rh_area_transversetemporal_full_outcome.Excitatory_neurons.MR.res, csMR-EXAMPLE/MR/Ulcerative_colitis_ebi_a_GCST003045_full_exposure-aparc-Desikan_rh_area_transversetemporal_full_outcome/Ulcerative_colitis_ebi_a_GCST003045_full_exposure.aparc-Desikan_rh_area_transversetemporal_full_outcome.Excitatory_neurons.MR.sensitivity
    wildcards: BASE_OUTPUT_DIR=csMR-EXAMPLE, run_prefix=Ulcerative_colitis_ebi_a_GCST003045_full_exposure, outcome=aparc-Desikan_rh_area_transversetemporal_full_outcome, cell_type=Excitatory_neurons
    resources: tmpdir=/tmp


[Mon Sep  9 15:15:06 2024]
rule MR:
    input: csMR-EXAMPLE/MR/clump/Susie_coloc.Ulcerative_colitis_ebi_a_GCST003045_full_exposure.results.coverage.0.9.PPH4.0.8.Excitatory_neurons.clumped
    output: csMR-EXAMPLE/MR/Ulcerative_colitis_ebi_a_GCST003045_full_exposure-ThalamNuclei_lh_volume_LP_full_outcome/Ulcerative_colitis_ebi_a_GCST003045_full_exposure.ThalamNuclei_lh_volume_LP_full_outcome.Excitatory_neurons.MR.res, csMR-EXAMPLE/MR/Ulcerative_colitis_ebi_a_GCST003045_full_exposure-ThalamNuclei_lh_volume_LP_full_outcome/Ulcerative_colitis_ebi_a_GCST003045_full_exposure.ThalamNuclei_lh_volume_LP_full_outcome.Excitatory_neurons.MR.sensitivity
    jobid: 8659
    reason: Missing output files: csMR-EXAMPLE/MR/Ulcerative_colitis_ebi_a_GCST003045_full_exposure-ThalamNuclei_lh_volume_LP_full_outcome/Ulcerative_colitis_ebi_a_GCST003045_full_exposure.ThalamNuclei_lh_volume_LP_full_outcome.Excitatory_neurons.MR.res, csMR-EXAMPLE/MR/Ulcerative_colitis_ebi_a_GCST003045_full_exposure-ThalamNuclei_lh_volume_LP_full_outcome/Ulcerative_colitis_ebi_a_GCST003045_full_exposure.ThalamNuclei_lh_volume_LP_full_outcome.Excitatory_neurons.MR.sensitivity
    wildcards: BASE_OUTPUT_DIR=csMR-EXAMPLE, run_prefix=Ulcerative_colitis_ebi_a_GCST003045_full_exposure, outcome=ThalamNuclei_lh_volume_LP_full_outcome, cell_type=Excitatory_neurons
    resources: tmpdir=/tmp


[Mon Sep  9 15:15:06 2024]
rule MR:
    input: csMR-EXAMPLE/MR/clump/Susie_coloc.Ulcerative_colitis_ebi_a_GCST003045_full_exposure.results.coverage.0.9.PPH4.0.8.Excitatory_neurons.clumped
    output: csMR-EXAMPLE/MR/Ulcerative_colitis_ebi_a_GCST003045_full_exposure-AmygNuclei_lh_volume_Corticoamygdaloid-transitio_full_outcome/Ulcerative_colitis_ebi_a_GCST003045_full_exposure.AmygNuclei_lh_volume_Corticoamygdaloid-transitio_full_outcome.Excitatory_neurons.MR.res, csMR-EXAMPLE/MR/Ulcerative_colitis_ebi_a_GCST003045_full_exposure-AmygNuclei_lh_volume_Corticoamygdaloid-transitio_full_outcome/Ulcerative_colitis_ebi_a_GCST003045_full_exposure.AmygNuclei_lh_volume_Corticoamygdaloid-transitio_full_outcome.Excitatory_neurons.MR.sensitivity
    jobid: 8883
    reason: Missing output files: csMR-EXAMPLE/MR/Ulcerative_colitis_ebi_a_GCST003045_full_exposure-AmygNuclei_lh_volume_Corticoamygdaloid-transitio_full_outcome/Ulcerative_colitis_ebi_a_GCST003045_full_exposure.AmygNuclei_lh_volume_Corticoamygdaloid-transitio_full_outcome.Excitatory_neurons.MR.sensitivity, csMR-EXAMPLE/MR/Ulcerative_colitis_ebi_a_GCST003045_full_exposure-AmygNuclei_lh_volume_Corticoamygdaloid-transitio_full_outcome/Ulcerative_colitis_ebi_a_GCST003045_full_exposure.AmygNuclei_lh_volume_Corticoamygdaloid-transitio_full_outcome.Excitatory_neurons.MR.res
    wildcards: BASE_OUTPUT_DIR=csMR-EXAMPLE, run_prefix=Ulcerative_colitis_ebi_a_GCST003045_full_exposure, outcome=AmygNuclei_lh_volume_Corticoamygdaloid-transitio_full_outcome, cell_type=Excitatory_neurons
    resources: tmpdir=/tmp


[Mon Sep  9 15:15:06 2024]
rule MR:
    input: csMR-EXAMPLE/MR/clump/Susie_coloc.Ulcerative_colitis_ebi_a_GCST003045_full_exposure.results.coverage.0.9.PPH4.0.8.Excitatory_neurons.clumped
    output: csMR-EXAMPLE/MR/Ulcerative_colitis_ebi_a_GCST003045_full_exposure-aparc-Desikan_rh_volume_medialorbitofrontal_full_outcome/Ulcerative_colitis_ebi_a_GCST003045_full_exposure.aparc-Desikan_rh_volume_medialorbitofrontal_full_outcome.Excitatory_neurons.MR.res, csMR-EXAMPLE/MR/Ulcerative_colitis_ebi_a_GCST003045_full_exposure-aparc-Desikan_rh_volume_medialorbitofrontal_full_outcome/Ulcerative_colitis_ebi_a_GCST003045_full_exposure.aparc-Desikan_rh_volume_medialorbitofrontal_full_outcome.Excitatory_neurons.MR.sensitivity
    jobid: 9007
    reason: Missing output files: csMR-EXAMPLE/MR/Ulcerative_colitis_ebi_a_GCST003045_full_exposure-aparc-Desikan_rh_volume_medialorbitofrontal_full_outcome/Ulcerative_colitis_ebi_a_GCST003045_full_exposure.aparc-Desikan_rh_volume_medialorbitofrontal_full_outcome.Excitatory_neurons.MR.sensitivity, csMR-EXAMPLE/MR/Ulcerative_colitis_ebi_a_GCST003045_full_exposure-aparc-Desikan_rh_volume_medialorbitofrontal_full_outcome/Ulcerative_colitis_ebi_a_GCST003045_full_exposure.aparc-Desikan_rh_volume_medialorbitofrontal_full_outcome.Excitatory_neurons.MR.res
    wildcards: BASE_OUTPUT_DIR=csMR-EXAMPLE, run_prefix=Ulcerative_colitis_ebi_a_GCST003045_full_exposure, outcome=aparc-Desikan_rh_volume_medialorbitofrontal_full_outcome, cell_type=Excitatory_neurons
    resources: tmpdir=/tmp


[Mon Sep  9 15:15:06 2024]
rule MR:
    input: csMR-EXAMPLE/MR/clump/Susie_coloc.Crohn_ebi_a_GCST003044_full_exposure.results.coverage.0.9.PPH4.0.8.Oligodendrocytes.clumped
    output: csMR-EXAMPLE/MR/Crohn_ebi_a_GCST003044_full_exposure-IDP_dMRI_TBSS_MD_Splenium_of_corpus_callosum_full_outcome/Crohn_ebi_a_GCST003044_full_exposure.IDP_dMRI_TBSS_MD_Splenium_of_corpus_callosum_full_outcome.Oligodendrocytes.MR.res, csMR-EXAMPLE/MR/Crohn_ebi_a_GCST003044_full_exposure-IDP_dMRI_TBSS_MD_Splenium_of_corpus_callosum_full_outcome/Crohn_ebi_a_GCST003044_full_exposure.IDP_dMRI_TBSS_MD_Splenium_of_corpus_callosum_full_outcome.Oligodendrocytes.MR.sensitivity
    jobid: 6542
    reason: Missing output files: csMR-EXAMPLE/MR/Crohn_ebi_a_GCST003044_full_exposure-IDP_dMRI_TBSS_MD_Splenium_of_corpus_callosum_full_outcome/Crohn_ebi_a_GCST003044_full_exposure.IDP_dMRI_TBSS_MD_Splenium_of_corpus_callosum_full_outcome.Oligodendrocytes.MR.sensitivity, csMR-EXAMPLE/MR/Crohn_ebi_a_GCST003044_full_exposure-IDP_dMRI_TBSS_MD_Splenium_of_corpus_callosum_full_outcome/Crohn_ebi_a_GCST003044_full_exposure.IDP_dMRI_TBSS_MD_Splenium_of_corpus_callosum_full_outcome.Oligodendrocytes.MR.res
    wildcards: BASE_OUTPUT_DIR=csMR-EXAMPLE, run_prefix=Crohn_ebi_a_GCST003044_full_exposure, outcome=IDP_dMRI_TBSS_MD_Splenium_of_corpus_callosum_full_outcome, cell_type=Oligodendrocytes
    resources: tmpdir=/tmp


[Mon Sep  9 15:15:06 2024]
rule MR:
    input: csMR-EXAMPLE/MR/clump/Susie_coloc.Ulcerative_colitis_ebi_a_GCST003045_full_exposure.results.coverage.0.9.PPH4.0.8.Excitatory_neurons.clumped
    output: csMR-EXAMPLE/MR/Ulcerative_colitis_ebi_a_GCST003045_full_exposure-aparc-Desikan_rh_thickness_caudalmiddlefrontal_full_outcome/Ulcerative_colitis_ebi_a_GCST003045_full_exposure.aparc-Desikan_rh_thickness_caudalmiddlefrontal_full_outcome.Excitatory_neurons.MR.res, csMR-EXAMPLE/MR/Ulcerative_colitis_ebi_a_GCST003045_full_exposure-aparc-Desikan_rh_thickness_caudalmiddlefrontal_full_outcome/Ulcerative_colitis_ebi_a_GCST003045_full_exposure.aparc-Desikan_rh_thickness_caudalmiddlefrontal_full_outcome.Excitatory_neurons.MR.sensitivity
    jobid: 8880
    reason: Missing output files: csMR-EXAMPLE/MR/Ulcerative_colitis_ebi_a_GCST003045_full_exposure-aparc-Desikan_rh_thickness_caudalmiddlefrontal_full_outcome/Ulcerative_colitis_ebi_a_GCST003045_full_exposure.aparc-Desikan_rh_thickness_caudalmiddlefrontal_full_outcome.Excitatory_neurons.MR.res, csMR-EXAMPLE/MR/Ulcerative_colitis_ebi_a_GCST003045_full_exposure-aparc-Desikan_rh_thickness_caudalmiddlefrontal_full_outcome/Ulcerative_colitis_ebi_a_GCST003045_full_exposure.aparc-Desikan_rh_thickness_caudalmiddlefrontal_full_outcome.Excitatory_neurons.MR.sensitivity
    wildcards: BASE_OUTPUT_DIR=csMR-EXAMPLE, run_prefix=Ulcerative_colitis_ebi_a_GCST003045_full_exposure, outcome=aparc-Desikan_rh_thickness_caudalmiddlefrontal_full_outcome, cell_type=Excitatory_neurons
    resources: tmpdir=/tmp


[Mon Sep  9 15:15:06 2024]
rule MR:
    input: csMR-EXAMPLE/MR/clump/Susie_coloc.Ulcerative_colitis_ebi_a_GCST003045_full_exposure.results.coverage.0.9.PPH4.0.8.Excitatory_neurons.clumped
    output: csMR-EXAMPLE/MR/Ulcerative_colitis_ebi_a_GCST003045_full_exposure-HippSubfield_lh_volume_HATA_full_outcome/Ulcerative_colitis_ebi_a_GCST003045_full_exposure.HippSubfield_lh_volume_HATA_full_outcome.Excitatory_neurons.MR.res, csMR-EXAMPLE/MR/Ulcerative_colitis_ebi_a_GCST003045_full_exposure-HippSubfield_lh_volume_HATA_full_outcome/Ulcerative_colitis_ebi_a_GCST003045_full_exposure.HippSubfield_lh_volume_HATA_full_outcome.Excitatory_neurons.MR.sensitivity
    jobid: 8716
    reason: Missing output files: csMR-EXAMPLE/MR/Ulcerative_colitis_ebi_a_GCST003045_full_exposure-HippSubfield_lh_volume_HATA_full_outcome/Ulcerative_colitis_ebi_a_GCST003045_full_exposure.HippSubfield_lh_volume_HATA_full_outcome.Excitatory_neurons.MR.res, csMR-EXAMPLE/MR/Ulcerative_colitis_ebi_a_GCST003045_full_exposure-HippSubfield_lh_volume_HATA_full_outcome/Ulcerative_colitis_ebi_a_GCST003045_full_exposure.HippSubfield_lh_volume_HATA_full_outcome.Excitatory_neurons.MR.sensitivity
    wildcards: BASE_OUTPUT_DIR=csMR-EXAMPLE, run_prefix=Ulcerative_colitis_ebi_a_GCST003045_full_exposure, outcome=HippSubfield_lh_volume_HATA_full_outcome, cell_type=Excitatory_neurons
    resources: tmpdir=/tmp


[Mon Sep  9 15:15:06 2024]
rule MR:
    input: csMR-EXAMPLE/MR/clump/Susie_coloc.Ulcerative_colitis_ebi_a_GCST003045_full_exposure.results.coverage.0.9.PPH4.0.8.Excitatory_neurons.clumped
    output: csMR-EXAMPLE/MR/Ulcerative_colitis_ebi_a_GCST003045_full_exposure-IDP_dMRI_TBSS_FA_Superior_corona_radiata_R_full_outcome/Ulcerative_colitis_ebi_a_GCST003045_full_exposure.IDP_dMRI_TBSS_FA_Superior_corona_radiata_R_full_outcome.Excitatory_neurons.MR.res, csMR-EXAMPLE/MR/Ulcerative_colitis_ebi_a_GCST003045_full_exposure-IDP_dMRI_TBSS_FA_Superior_corona_radiata_R_full_outcome/Ulcerative_colitis_ebi_a_GCST003045_full_exposure.IDP_dMRI_TBSS_FA_Superior_corona_radiata_R_full_outcome.Excitatory_neurons.MR.sensitivity
    jobid: 8824
    reason: Missing output files: csMR-EXAMPLE/MR/Ulcerative_colitis_ebi_a_GCST003045_full_exposure-IDP_dMRI_TBSS_FA_Superior_corona_radiata_R_full_outcome/Ulcerative_colitis_ebi_a_GCST003045_full_exposure.IDP_dMRI_TBSS_FA_Superior_corona_radiata_R_full_outcome.Excitatory_neurons.MR.res, csMR-EXAMPLE/MR/Ulcerative_colitis_ebi_a_GCST003045_full_exposure-IDP_dMRI_TBSS_FA_Superior_corona_radiata_R_full_outcome/Ulcerative_colitis_ebi_a_GCST003045_full_exposure.IDP_dMRI_TBSS_FA_Superior_corona_radiata_R_full_outcome.Excitatory_neurons.MR.sensitivity
    wildcards: BASE_OUTPUT_DIR=csMR-EXAMPLE, run_prefix=Ulcerative_colitis_ebi_a_GCST003045_full_exposure, outcome=IDP_dMRI_TBSS_FA_Superior_corona_radiata_R_full_outcome, cell_type=Excitatory_neurons
    resources: tmpdir=/tmp


[Mon Sep  9 15:15:06 2024]
rule MR:
    input: csMR-EXAMPLE/MR/clump/Susie_coloc.Crohn_ebi_a_GCST003044_full_exposure.results.coverage.0.9.PPH4.0.8.Oligodendrocytes.clumped
    output: csMR-EXAMPLE/MR/Crohn_ebi_a_GCST003044_full_exposure-aparc-Desikan_lh_area_insula_full_outcome/Crohn_ebi_a_GCST003044_full_exposure.aparc-Desikan_lh_area_insula_full_outcome.Oligodendrocytes.MR.res, csMR-EXAMPLE/MR/Crohn_ebi_a_GCST003044_full_exposure-aparc-Desikan_lh_area_insula_full_outcome/Crohn_ebi_a_GCST003044_full_exposure.aparc-Desikan_lh_area_insula_full_outcome.Oligodendrocytes.MR.sensitivity
    jobid: 6435
    reason: Missing output files: csMR-EXAMPLE/MR/Crohn_ebi_a_GCST003044_full_exposure-aparc-Desikan_lh_area_insula_full_outcome/Crohn_ebi_a_GCST003044_full_exposure.aparc-Desikan_lh_area_insula_full_outcome.Oligodendrocytes.MR.sensitivity, csMR-EXAMPLE/MR/Crohn_ebi_a_GCST003044_full_exposure-aparc-Desikan_lh_area_insula_full_outcome/Crohn_ebi_a_GCST003044_full_exposure.aparc-Desikan_lh_area_insula_full_outcome.Oligodendrocytes.MR.res
    wildcards: BASE_OUTPUT_DIR=csMR-EXAMPLE, run_prefix=Crohn_ebi_a_GCST003044_full_exposure, outcome=aparc-Desikan_lh_area_insula_full_outcome, cell_type=Oligodendrocytes
    resources: tmpdir=/tmp


[Mon Sep  9 15:15:06 2024]
rule MR:
    input: csMR-EXAMPLE/MR/clump/Susie_coloc.Ulcerative_colitis_ebi_a_GCST003045_full_exposure.results.coverage.0.9.PPH4.0.8.Excitatory_neurons.clumped
    output: csMR-EXAMPLE/MR/Ulcerative_colitis_ebi_a_GCST003045_full_exposure-aparc-Desikan_lh_volume_superiorparietal_full_outcome/Ulcerative_colitis_ebi_a_GCST003045_full_exposure.aparc-Desikan_lh_volume_superiorparietal_full_outcome.Excitatory_neurons.MR.res, csMR-EXAMPLE/MR/Ulcerative_colitis_ebi_a_GCST003045_full_exposure-aparc-Desikan_lh_volume_superiorparietal_full_outcome/Ulcerative_colitis_ebi_a_GCST003045_full_exposure.aparc-Desikan_lh_volume_superiorparietal_full_outcome.Excitatory_neurons.MR.sensitivity
    jobid: 9049
    reason: Missing output files: csMR-EXAMPLE/MR/Ulcerative_colitis_ebi_a_GCST003045_full_exposure-aparc-Desikan_lh_volume_superiorparietal_full_outcome/Ulcerative_colitis_ebi_a_GCST003045_full_exposure.aparc-Desikan_lh_volume_superiorparietal_full_outcome.Excitatory_neurons.MR.res, csMR-EXAMPLE/MR/Ulcerative_colitis_ebi_a_GCST003045_full_exposure-aparc-Desikan_lh_volume_superiorparietal_full_outcome/Ulcerative_colitis_ebi_a_GCST003045_full_exposure.aparc-Desikan_lh_volume_superiorparietal_full_outcome.Excitatory_neurons.MR.sensitivity
    wildcards: BASE_OUTPUT_DIR=csMR-EXAMPLE, run_prefix=Ulcerative_colitis_ebi_a_GCST003045_full_exposure, outcome=aparc-Desikan_lh_volume_superiorparietal_full_outcome, cell_type=Excitatory_neurons
    resources: tmpdir=/tmp


[Mon Sep  9 15:15:06 2024]
rule MR:
    input: csMR-EXAMPLE/MR/clump/Susie_coloc.Ulcerative_colitis_ebi_a_GCST003045_full_exposure.results.coverage.0.9.PPH4.0.8.Excitatory_neurons.clumped
    output: csMR-EXAMPLE/MR/Ulcerative_colitis_ebi_a_GCST003045_full_exposure-aparc-Desikan_rh_thickness_caudalanteriorcingulate_full_outcome/Ulcerative_colitis_ebi_a_GCST003045_full_exposure.aparc-Desikan_rh_thickness_caudalanteriorcingulate_full_outcome.Excitatory_neurons.MR.res, csMR-EXAMPLE/MR/Ulcerative_colitis_ebi_a_GCST003045_full_exposure-aparc-Desikan_rh_thickness_caudalanteriorcingulate_full_outcome/Ulcerative_colitis_ebi_a_GCST003045_full_exposure.aparc-Desikan_rh_thickness_caudalanteriorcingulate_full_outcome.Excitatory_neurons.MR.sensitivity
    jobid: 8912
    reason: Missing output files: csMR-EXAMPLE/MR/Ulcerative_colitis_ebi_a_GCST003045_full_exposure-aparc-Desikan_rh_thickness_caudalanteriorcingulate_full_outcome/Ulcerative_colitis_ebi_a_GCST003045_full_exposure.aparc-Desikan_rh_thickness_caudalanteriorcingulate_full_outcome.Excitatory_neurons.MR.res, csMR-EXAMPLE/MR/Ulcerative_colitis_ebi_a_GCST003045_full_exposure-aparc-Desikan_rh_thickness_caudalanteriorcingulate_full_outcome/Ulcerative_colitis_ebi_a_GCST003045_full_exposure.aparc-Desikan_rh_thickness_caudalanteriorcingulate_full_outcome.Excitatory_neurons.MR.sensitivity
    wildcards: BASE_OUTPUT_DIR=csMR-EXAMPLE, run_prefix=Ulcerative_colitis_ebi_a_GCST003045_full_exposure, outcome=aparc-Desikan_rh_thickness_caudalanteriorcingulate_full_outcome, cell_type=Excitatory_neurons
    resources: tmpdir=/tmp


[Mon Sep  9 15:15:06 2024]
rule MR:
    input: csMR-EXAMPLE/MR/clump/Susie_coloc.Ulcerative_colitis_ebi_a_GCST003045_full_exposure.results.coverage.0.9.PPH4.0.8.Excitatory_neurons.clumped
    output: csMR-EXAMPLE/MR/Ulcerative_colitis_ebi_a_GCST003045_full_exposure-IDP_dMRI_TBSS_MD_Anterior_limb_of_internal_capsule_L_full_outcome/Ulcerative_colitis_ebi_a_GCST003045_full_exposure.IDP_dMRI_TBSS_MD_Anterior_limb_of_internal_capsule_L_full_outcome.Excitatory_neurons.MR.res, csMR-EXAMPLE/MR/Ulcerative_colitis_ebi_a_GCST003045_full_exposure-IDP_dMRI_TBSS_MD_Anterior_limb_of_internal_capsule_L_full_outcome/Ulcerative_colitis_ebi_a_GCST003045_full_exposure.IDP_dMRI_TBSS_MD_Anterior_limb_of_internal_capsule_L_full_outcome.Excitatory_neurons.MR.sensitivity
    jobid: 8744
    reason: Missing output files: csMR-EXAMPLE/MR/Ulcerative_colitis_ebi_a_GCST003045_full_exposure-IDP_dMRI_TBSS_MD_Anterior_limb_of_internal_capsule_L_full_outcome/Ulcerative_colitis_ebi_a_GCST003045_full_exposure.IDP_dMRI_TBSS_MD_Anterior_limb_of_internal_capsule_L_full_outcome.Excitatory_neurons.MR.res, csMR-EXAMPLE/MR/Ulcerative_colitis_ebi_a_GCST003045_full_exposure-IDP_dMRI_TBSS_MD_Anterior_limb_of_internal_capsule_L_full_outcome/Ulcerative_colitis_ebi_a_GCST003045_full_exposure.IDP_dMRI_TBSS_MD_Anterior_limb_of_internal_capsule_L_full_outcome.Excitatory_neurons.MR.sensitivity
    wildcards: BASE_OUTPUT_DIR=csMR-EXAMPLE, run_prefix=Ulcerative_colitis_ebi_a_GCST003045_full_exposure, outcome=IDP_dMRI_TBSS_MD_Anterior_limb_of_internal_capsule_L_full_outcome, cell_type=Excitatory_neurons
    resources: tmpdir=/tmp


[Mon Sep  9 15:15:06 2024]
rule MR:
    input: csMR-EXAMPLE/MR/clump/Susie_coloc.Ulcerative_colitis_ebi_a_GCST003045_full_exposure.results.coverage.0.9.PPH4.0.8.Excitatory_neurons.clumped
    output: csMR-EXAMPLE/MR/Ulcerative_colitis_ebi_a_GCST003045_full_exposure-ThalamNuclei_lh_volume_CM_full_outcome/Ulcerative_colitis_ebi_a_GCST003045_full_exposure.ThalamNuclei_lh_volume_CM_full_outcome.Excitatory_neurons.MR.res, csMR-EXAMPLE/MR/Ulcerative_colitis_ebi_a_GCST003045_full_exposure-ThalamNuclei_lh_volume_CM_full_outcome/Ulcerative_colitis_ebi_a_GCST003045_full_exposure.ThalamNuclei_lh_volume_CM_full_outcome.Excitatory_neurons.MR.sensitivity
    jobid: 8776
    reason: Missing output files: csMR-EXAMPLE/MR/Ulcerative_colitis_ebi_a_GCST003045_full_exposure-ThalamNuclei_lh_volume_CM_full_outcome/Ulcerative_colitis_ebi_a_GCST003045_full_exposure.ThalamNuclei_lh_volume_CM_full_outcome.Excitatory_neurons.MR.sensitivity, csMR-EXAMPLE/MR/Ulcerative_colitis_ebi_a_GCST003045_full_exposure-ThalamNuclei_lh_volume_CM_full_outcome/Ulcerative_colitis_ebi_a_GCST003045_full_exposure.ThalamNuclei_lh_volume_CM_full_outcome.Excitatory_neurons.MR.res
    wildcards: BASE_OUTPUT_DIR=csMR-EXAMPLE, run_prefix=Ulcerative_colitis_ebi_a_GCST003045_full_exposure, outcome=ThalamNuclei_lh_volume_CM_full_outcome, cell_type=Excitatory_neurons
    resources: tmpdir=/tmp


[Mon Sep  9 15:15:06 2024]
rule MR:
    input: csMR-EXAMPLE/MR/clump/Susie_coloc.Crohn_ebi_a_GCST003044_full_exposure.results.coverage.0.9.PPH4.0.8.Inhibitory_neurons.clumped
    output: csMR-EXAMPLE/MR/Crohn_ebi_a_GCST003044_full_exposure-ThalamNuclei_lh_volume_AV_full_outcome/Crohn_ebi_a_GCST003044_full_exposure.ThalamNuclei_lh_volume_AV_full_outcome.Inhibitory_neurons.MR.res, csMR-EXAMPLE/MR/Crohn_ebi_a_GCST003044_full_exposure-ThalamNuclei_lh_volume_AV_full_outcome/Crohn_ebi_a_GCST003044_full_exposure.ThalamNuclei_lh_volume_AV_full_outcome.Inhibitory_neurons.MR.sensitivity
    jobid: 5607
    reason: Missing output files: csMR-EXAMPLE/MR/Crohn_ebi_a_GCST003044_full_exposure-ThalamNuclei_lh_volume_AV_full_outcome/Crohn_ebi_a_GCST003044_full_exposure.ThalamNuclei_lh_volume_AV_full_outcome.Inhibitory_neurons.MR.sensitivity, csMR-EXAMPLE/MR/Crohn_ebi_a_GCST003044_full_exposure-ThalamNuclei_lh_volume_AV_full_outcome/Crohn_ebi_a_GCST003044_full_exposure.ThalamNuclei_lh_volume_AV_full_outcome.Inhibitory_neurons.MR.res
    wildcards: BASE_OUTPUT_DIR=csMR-EXAMPLE, run_prefix=Crohn_ebi_a_GCST003044_full_exposure, outcome=ThalamNuclei_lh_volume_AV_full_outcome, cell_type=Inhibitory_neurons
    resources: tmpdir=/tmp


[Mon Sep  9 15:15:06 2024]
rule MR:
    input: csMR-EXAMPLE/MR/clump/Susie_coloc.Ulcerative_colitis_ebi_a_GCST003045_full_exposure.results.coverage.0.9.PPH4.0.8.Excitatory_neurons.clumped
    output: csMR-EXAMPLE/MR/Ulcerative_colitis_ebi_a_GCST003045_full_exposure-IDP_dMRI_TBSS_MD_External_capsule_L_full_outcome/Ulcerative_colitis_ebi_a_GCST003045_full_exposure.IDP_dMRI_TBSS_MD_External_capsule_L_full_outcome.Excitatory_neurons.MR.res, csMR-EXAMPLE/MR/Ulcerative_colitis_ebi_a_GCST003045_full_exposure-IDP_dMRI_TBSS_MD_External_capsule_L_full_outcome/Ulcerative_colitis_ebi_a_GCST003045_full_exposure.IDP_dMRI_TBSS_MD_External_capsule_L_full_outcome.Excitatory_neurons.MR.sensitivity
    jobid: 8729
    reason: Missing output files: csMR-EXAMPLE/MR/Ulcerative_colitis_ebi_a_GCST003045_full_exposure-IDP_dMRI_TBSS_MD_External_capsule_L_full_outcome/Ulcerative_colitis_ebi_a_GCST003045_full_exposure.IDP_dMRI_TBSS_MD_External_capsule_L_full_outcome.Excitatory_neurons.MR.res, csMR-EXAMPLE/MR/Ulcerative_colitis_ebi_a_GCST003045_full_exposure-IDP_dMRI_TBSS_MD_External_capsule_L_full_outcome/Ulcerative_colitis_ebi_a_GCST003045_full_exposure.IDP_dMRI_TBSS_MD_External_capsule_L_full_outcome.Excitatory_neurons.MR.sensitivity
    wildcards: BASE_OUTPUT_DIR=csMR-EXAMPLE, run_prefix=Ulcerative_colitis_ebi_a_GCST003045_full_exposure, outcome=IDP_dMRI_TBSS_MD_External_capsule_L_full_outcome, cell_type=Excitatory_neurons
    resources: tmpdir=/tmp


[Mon Sep  9 15:15:06 2024]
rule MR:
    input: csMR-EXAMPLE/MR/clump/Susie_coloc.Ulcerative_colitis_ebi_a_GCST003045_full_exposure.results.coverage.0.9.PPH4.0.8.Excitatory_neurons.clumped
    output: csMR-EXAMPLE/MR/Ulcerative_colitis_ebi_a_GCST003045_full_exposure-aparc-Desikan_rh_thickness_fusiform_full_outcome/Ulcerative_colitis_ebi_a_GCST003045_full_exposure.aparc-Desikan_rh_thickness_fusiform_full_outcome.Excitatory_neurons.MR.res, csMR-EXAMPLE/MR/Ulcerative_colitis_ebi_a_GCST003045_full_exposure-aparc-Desikan_rh_thickness_fusiform_full_outcome/Ulcerative_colitis_ebi_a_GCST003045_full_exposure.aparc-Desikan_rh_thickness_fusiform_full_outcome.Excitatory_neurons.MR.sensitivity
    jobid: 8753
    reason: Missing output files: csMR-EXAMPLE/MR/Ulcerative_colitis_ebi_a_GCST003045_full_exposure-aparc-Desikan_rh_thickness_fusiform_full_outcome/Ulcerative_colitis_ebi_a_GCST003045_full_exposure.aparc-Desikan_rh_thickness_fusiform_full_outcome.Excitatory_neurons.MR.sensitivity, csMR-EXAMPLE/MR/Ulcerative_colitis_ebi_a_GCST003045_full_exposure-aparc-Desikan_rh_thickness_fusiform_full_outcome/Ulcerative_colitis_ebi_a_GCST003045_full_exposure.aparc-Desikan_rh_thickness_fusiform_full_outcome.Excitatory_neurons.MR.res
    wildcards: BASE_OUTPUT_DIR=csMR-EXAMPLE, run_prefix=Ulcerative_colitis_ebi_a_GCST003045_full_exposure, outcome=aparc-Desikan_rh_thickness_fusiform_full_outcome, cell_type=Excitatory_neurons
    resources: tmpdir=/tmp


[Mon Sep  9 15:15:06 2024]
rule MR:
    input: csMR-EXAMPLE/MR/clump/Susie_coloc.Ulcerative_colitis_ebi_a_GCST003045_full_exposure.results.coverage.0.9.PPH4.0.8.Excitatory_neurons.clumped
    output: csMR-EXAMPLE/MR/Ulcerative_colitis_ebi_a_GCST003045_full_exposure-IDP_dMRI_TBSS_FA_Splenium_of_corpus_callosum_full_outcome/Ulcerative_colitis_ebi_a_GCST003045_full_exposure.IDP_dMRI_TBSS_FA_Splenium_of_corpus_callosum_full_outcome.Excitatory_neurons.MR.res, csMR-EXAMPLE/MR/Ulcerative_colitis_ebi_a_GCST003045_full_exposure-IDP_dMRI_TBSS_FA_Splenium_of_corpus_callosum_full_outcome/Ulcerative_colitis_ebi_a_GCST003045_full_exposure.IDP_dMRI_TBSS_FA_Splenium_of_corpus_callosum_full_outcome.Excitatory_neurons.MR.sensitivity
    jobid: 9013
    reason: Missing output files: csMR-EXAMPLE/MR/Ulcerative_colitis_ebi_a_GCST003045_full_exposure-IDP_dMRI_TBSS_FA_Splenium_of_corpus_callosum_full_outcome/Ulcerative_colitis_ebi_a_GCST003045_full_exposure.IDP_dMRI_TBSS_FA_Splenium_of_corpus_callosum_full_outcome.Excitatory_neurons.MR.res, csMR-EXAMPLE/MR/Ulcerative_colitis_ebi_a_GCST003045_full_exposure-IDP_dMRI_TBSS_FA_Splenium_of_corpus_callosum_full_outcome/Ulcerative_colitis_ebi_a_GCST003045_full_exposure.IDP_dMRI_TBSS_FA_Splenium_of_corpus_callosum_full_outcome.Excitatory_neurons.MR.sensitivity
    wildcards: BASE_OUTPUT_DIR=csMR-EXAMPLE, run_prefix=Ulcerative_colitis_ebi_a_GCST003045_full_exposure, outcome=IDP_dMRI_TBSS_FA_Splenium_of_corpus_callosum_full_outcome, cell_type=Excitatory_neurons
    resources: tmpdir=/tmp


[Mon Sep  9 15:15:06 2024]
rule MR:
    input: csMR-EXAMPLE/MR/clump/Susie_coloc.Ulcerative_colitis_ebi_a_GCST003045_full_exposure.results.coverage.0.9.PPH4.0.8.Excitatory_neurons.clumped
    output: csMR-EXAMPLE/MR/Ulcerative_colitis_ebi_a_GCST003045_full_exposure-ThalamNuclei_rh_volume_CeM_full_outcome/Ulcerative_colitis_ebi_a_GCST003045_full_exposure.ThalamNuclei_rh_volume_CeM_full_outcome.Excitatory_neurons.MR.res, csMR-EXAMPLE/MR/Ulcerative_colitis_ebi_a_GCST003045_full_exposure-ThalamNuclei_rh_volume_CeM_full_outcome/Ulcerative_colitis_ebi_a_GCST003045_full_exposure.ThalamNuclei_rh_volume_CeM_full_outcome.Excitatory_neurons.MR.sensitivity
    jobid: 8700
    reason: Missing output files: csMR-EXAMPLE/MR/Ulcerative_colitis_ebi_a_GCST003045_full_exposure-ThalamNuclei_rh_volume_CeM_full_outcome/Ulcerative_colitis_ebi_a_GCST003045_full_exposure.ThalamNuclei_rh_volume_CeM_full_outcome.Excitatory_neurons.MR.sensitivity, csMR-EXAMPLE/MR/Ulcerative_colitis_ebi_a_GCST003045_full_exposure-ThalamNuclei_rh_volume_CeM_full_outcome/Ulcerative_colitis_ebi_a_GCST003045_full_exposure.ThalamNuclei_rh_volume_CeM_full_outcome.Excitatory_neurons.MR.res
    wildcards: BASE_OUTPUT_DIR=csMR-EXAMPLE, run_prefix=Ulcerative_colitis_ebi_a_GCST003045_full_exposure, outcome=ThalamNuclei_rh_volume_CeM_full_outcome, cell_type=Excitatory_neurons
    resources: tmpdir=/tmp


[Mon Sep  9 15:15:06 2024]
rule MR:
    input: csMR-EXAMPLE/MR/clump/Susie_coloc.Ulcerative_colitis_ebi_a_GCST003045_full_exposure.results.coverage.0.9.PPH4.0.8.Excitatory_neurons.clumped
    output: csMR-EXAMPLE/MR/Ulcerative_colitis_ebi_a_GCST003045_full_exposure-aparc-Desikan_rh_volume_superiortemporal_full_outcome/Ulcerative_colitis_ebi_a_GCST003045_full_exposure.aparc-Desikan_rh_volume_superiortemporal_full_outcome.Excitatory_neurons.MR.res, csMR-EXAMPLE/MR/Ulcerative_colitis_ebi_a_GCST003045_full_exposure-aparc-Desikan_rh_volume_superiortemporal_full_outcome/Ulcerative_colitis_ebi_a_GCST003045_full_exposure.aparc-Desikan_rh_volume_superiortemporal_full_outcome.Excitatory_neurons.MR.sensitivity
    jobid: 8750
    reason: Missing output files: csMR-EXAMPLE/MR/Ulcerative_colitis_ebi_a_GCST003045_full_exposure-aparc-Desikan_rh_volume_superiortemporal_full_outcome/Ulcerative_colitis_ebi_a_GCST003045_full_exposure.aparc-Desikan_rh_volume_superiortemporal_full_outcome.Excitatory_neurons.MR.sensitivity, csMR-EXAMPLE/MR/Ulcerative_colitis_ebi_a_GCST003045_full_exposure-aparc-Desikan_rh_volume_superiortemporal_full_outcome/Ulcerative_colitis_ebi_a_GCST003045_full_exposure.aparc-Desikan_rh_volume_superiortemporal_full_outcome.Excitatory_neurons.MR.res
    wildcards: BASE_OUTPUT_DIR=csMR-EXAMPLE, run_prefix=Ulcerative_colitis_ebi_a_GCST003045_full_exposure, outcome=aparc-Desikan_rh_volume_superiortemporal_full_outcome, cell_type=Excitatory_neurons
    resources: tmpdir=/tmp


[Mon Sep  9 15:15:06 2024]
rule MR:
    input: csMR-EXAMPLE/MR/clump/Susie_coloc.Ulcerative_colitis_ebi_a_GCST003045_full_exposure.results.coverage.0.9.PPH4.0.8.Excitatory_neurons.clumped
    output: csMR-EXAMPLE/MR/Ulcerative_colitis_ebi_a_GCST003045_full_exposure-IDP_dMRI_TBSS_MD_Superior_fronto-occipital_fasciculus_R_full_outcome/Ulcerative_colitis_ebi_a_GCST003045_full_exposure.IDP_dMRI_TBSS_MD_Superior_fronto-occipital_fasciculus_R_full_outcome.Excitatory_neurons.MR.res, csMR-EXAMPLE/MR/Ulcerative_colitis_ebi_a_GCST003045_full_exposure-IDP_dMRI_TBSS_MD_Superior_fronto-occipital_fasciculus_R_full_outcome/Ulcerative_colitis_ebi_a_GCST003045_full_exposure.IDP_dMRI_TBSS_MD_Superior_fronto-occipital_fasciculus_R_full_outcome.Excitatory_neurons.MR.sensitivity
    jobid: 8930
    reason: Missing output files: csMR-EXAMPLE/MR/Ulcerative_colitis_ebi_a_GCST003045_full_exposure-IDP_dMRI_TBSS_MD_Superior_fronto-occipital_fasciculus_R_full_outcome/Ulcerative_colitis_ebi_a_GCST003045_full_exposure.IDP_dMRI_TBSS_MD_Superior_fronto-occipital_fasciculus_R_full_outcome.Excitatory_neurons.MR.sensitivity, csMR-EXAMPLE/MR/Ulcerative_colitis_ebi_a_GCST003045_full_exposure-IDP_dMRI_TBSS_MD_Superior_fronto-occipital_fasciculus_R_full_outcome/Ulcerative_colitis_ebi_a_GCST003045_full_exposure.IDP_dMRI_TBSS_MD_Superior_fronto-occipital_fasciculus_R_full_outcome.Excitatory_neurons.MR.res
    wildcards: BASE_OUTPUT_DIR=csMR-EXAMPLE, run_prefix=Ulcerative_colitis_ebi_a_GCST003045_full_exposure, outcome=IDP_dMRI_TBSS_MD_Superior_fronto-occipital_fasciculus_R_full_outcome, cell_type=Excitatory_neurons
    resources: tmpdir=/tmp


[Mon Sep  9 15:15:06 2024]
rule MR:
    input: csMR-EXAMPLE/MR/clump/Susie_coloc.Ulcerative_colitis_ebi_a_GCST003045_full_exposure.results.coverage.0.9.PPH4.0.8.Excitatory_neurons.clumped
    output: csMR-EXAMPLE/MR/Ulcerative_colitis_ebi_a_GCST003045_full_exposure-HippSubfield_lh_volume_presubiculum-head_full_outcome/Ulcerative_colitis_ebi_a_GCST003045_full_exposure.HippSubfield_lh_volume_presubiculum-head_full_outcome.Excitatory_neurons.MR.res, csMR-EXAMPLE/MR/Ulcerative_colitis_ebi_a_GCST003045_full_exposure-HippSubfield_lh_volume_presubiculum-head_full_outcome/Ulcerative_colitis_ebi_a_GCST003045_full_exposure.HippSubfield_lh_volume_presubiculum-head_full_outcome.Excitatory_neurons.MR.sensitivity
    jobid: 8942
    reason: Missing output files: csMR-EXAMPLE/MR/Ulcerative_colitis_ebi_a_GCST003045_full_exposure-HippSubfield_lh_volume_presubiculum-head_full_outcome/Ulcerative_colitis_ebi_a_GCST003045_full_exposure.HippSubfield_lh_volume_presubiculum-head_full_outcome.Excitatory_neurons.MR.res, csMR-EXAMPLE/MR/Ulcerative_colitis_ebi_a_GCST003045_full_exposure-HippSubfield_lh_volume_presubiculum-head_full_outcome/Ulcerative_colitis_ebi_a_GCST003045_full_exposure.HippSubfield_lh_volume_presubiculum-head_full_outcome.Excitatory_neurons.MR.sensitivity
    wildcards: BASE_OUTPUT_DIR=csMR-EXAMPLE, run_prefix=Ulcerative_colitis_ebi_a_GCST003045_full_exposure, outcome=HippSubfield_lh_volume_presubiculum-head_full_outcome, cell_type=Excitatory_neurons
    resources: tmpdir=/tmp


[Mon Sep  9 15:15:06 2024]
rule MR:
    input: csMR-EXAMPLE/MR/clump/Susie_coloc.Ulcerative_colitis_ebi_a_GCST003045_full_exposure.results.coverage.0.9.PPH4.0.8.Excitatory_neurons.clumped
    output: csMR-EXAMPLE/MR/Ulcerative_colitis_ebi_a_GCST003045_full_exposure-HippSubfield_rh_volume_GC-ML-DG-head_full_outcome/Ulcerative_colitis_ebi_a_GCST003045_full_exposure.HippSubfield_rh_volume_GC-ML-DG-head_full_outcome.Excitatory_neurons.MR.res, csMR-EXAMPLE/MR/Ulcerative_colitis_ebi_a_GCST003045_full_exposure-HippSubfield_rh_volume_GC-ML-DG-head_full_outcome/Ulcerative_colitis_ebi_a_GCST003045_full_exposure.HippSubfield_rh_volume_GC-ML-DG-head_full_outcome.Excitatory_neurons.MR.sensitivity
    jobid: 9061
    reason: Missing output files: csMR-EXAMPLE/MR/Ulcerative_colitis_ebi_a_GCST003045_full_exposure-HippSubfield_rh_volume_GC-ML-DG-head_full_outcome/Ulcerative_colitis_ebi_a_GCST003045_full_exposure.HippSubfield_rh_volume_GC-ML-DG-head_full_outcome.Excitatory_neurons.MR.sensitivity, csMR-EXAMPLE/MR/Ulcerative_colitis_ebi_a_GCST003045_full_exposure-HippSubfield_rh_volume_GC-ML-DG-head_full_outcome/Ulcerative_colitis_ebi_a_GCST003045_full_exposure.HippSubfield_rh_volume_GC-ML-DG-head_full_outcome.Excitatory_neurons.MR.res
    wildcards: BASE_OUTPUT_DIR=csMR-EXAMPLE, run_prefix=Ulcerative_colitis_ebi_a_GCST003045_full_exposure, outcome=HippSubfield_rh_volume_GC-ML-DG-head_full_outcome, cell_type=Excitatory_neurons
    resources: tmpdir=/tmp


[Mon Sep  9 15:15:06 2024]
rule MR:
    input: csMR-EXAMPLE/MR/clump/Susie_coloc.Ulcerative_colitis_ebi_a_GCST003045_full_exposure.results.coverage.0.9.PPH4.0.8.Excitatory_neurons.clumped
    output: csMR-EXAMPLE/MR/Ulcerative_colitis_ebi_a_GCST003045_full_exposure-aparc-Desikan_lh_thickness_transversetemporal_full_outcome/Ulcerative_colitis_ebi_a_GCST003045_full_exposure.aparc-Desikan_lh_thickness_transversetemporal_full_outcome.Excitatory_neurons.MR.res, csMR-EXAMPLE/MR/Ulcerative_colitis_ebi_a_GCST003045_full_exposure-aparc-Desikan_lh_thickness_transversetemporal_full_outcome/Ulcerative_colitis_ebi_a_GCST003045_full_exposure.aparc-Desikan_lh_thickness_transversetemporal_full_outcome.Excitatory_neurons.MR.sensitivity
    jobid: 9057
    reason: Missing output files: csMR-EXAMPLE/MR/Ulcerative_colitis_ebi_a_GCST003045_full_exposure-aparc-Desikan_lh_thickness_transversetemporal_full_outcome/Ulcerative_colitis_ebi_a_GCST003045_full_exposure.aparc-Desikan_lh_thickness_transversetemporal_full_outcome.Excitatory_neurons.MR.res, csMR-EXAMPLE/MR/Ulcerative_colitis_ebi_a_GCST003045_full_exposure-aparc-Desikan_lh_thickness_transversetemporal_full_outcome/Ulcerative_colitis_ebi_a_GCST003045_full_exposure.aparc-Desikan_lh_thickness_transversetemporal_full_outcome.Excitatory_neurons.MR.sensitivity
    wildcards: BASE_OUTPUT_DIR=csMR-EXAMPLE, run_prefix=Ulcerative_colitis_ebi_a_GCST003045_full_exposure, outcome=aparc-Desikan_lh_thickness_transversetemporal_full_outcome, cell_type=Excitatory_neurons
    resources: tmpdir=/tmp

[Mon Sep  9 15:15:53 2024]
Error in rule MR:
    jobid: 6542
    input: csMR-EXAMPLE/MR/clump/Susie_coloc.Crohn_ebi_a_GCST003044_full_exposure.results.coverage.0.9.PPH4.0.8.Oligodendrocytes.clumped
    output: csMR-EXAMPLE/MR/Crohn_ebi_a_GCST003044_full_exposure-IDP_dMRI_TBSS_MD_Splenium_of_corpus_callosum_full_outcome/Crohn_ebi_a_GCST003044_full_exposure.IDP_dMRI_TBSS_MD_Splenium_of_corpus_callosum_full_outcome.Oligodendrocytes.MR.res, csMR-EXAMPLE/MR/Crohn_ebi_a_GCST003044_full_exposure-IDP_dMRI_TBSS_MD_Splenium_of_corpus_callosum_full_outcome/Crohn_ebi_a_GCST003044_full_exposure.IDP_dMRI_TBSS_MD_Splenium_of_corpus_callosum_full_outcome.Oligodendrocytes.MR.sensitivity
    shell:
        Rscript scripts/csMR.r -e /home/u/csMR/example/BMI_GWAS/Crohn_ebi_a_GCST003044_full_exposure.ma -o example/outcomes/IDP_dMRI_TBSS_MD_Splenium_of_corpus_callosum_full_outcome.ma -c csMR-EXAMPLE/MR/clump/Susie_coloc.Crohn_ebi_a_GCST003044_full_exposure.results.coverage.0.9.PPH4.0.8.Oligodendrocytes.clumped -r /home/u/csMR/data/reference_genome_1000G_EUR
        (one of the commands exited with non-zero exit code; note that snakemake uses bash strict mode!)

[Mon Sep  9 15:15:55 2024]
Finished job 1628.
1 of 27 steps (4%) done
[Mon Sep  9 15:15:57 2024]
Finished job 8700.
2 of 27 steps (7%) done
[Mon Sep  9 15:15:57 2024]
Finished job 8981.
3 of 27 steps (11%) done
[Mon Sep  9 15:15:59 2024]
Finished job 9049.
4 of 27 steps (15%) done
[Mon Sep  9 15:16:00 2024]
Finished job 8750.
5 of 27 steps (19%) done
[Mon Sep  9 15:16:00 2024]
Finished job 8880.
6 of 27 steps (22%) done
[Mon Sep  9 15:16:07 2024]
Finished job 1746.
7 of 27 steps (26%) done
[Mon Sep  9 15:16:54 2024]
Finished job 8776.
8 of 27 steps (30%) done
Terminating processes on user request, this might take some time.
Cancelling snakemake on user request.
